<?xml version="1.0" encoding="UTF-8"?>
<!-- Generated by org.testng.reporters.JUnitXMLReporter -->
<testsuite ignored="0" hostname="lenovo-Lenovo-IdeaPad-Z400" failures="0" tests="6" name="Default test" time="8.399" errors="0" timestamp="2023-07-09T13:40:44 COT">
  <testcase classname="api.test.DDT" name="testPostUsers" time="3.804"/>
  <testcase classname="api.test.DDT" name="testPostUsers" time="0.498"/>
  <testcase classname="api.test.DDT" name="testPostUsers" time="0.507"/>
  <testcase classname="api.test.DDT" name="testDeleteUsers" time="0.496"/>
  <testcase classname="api.test.DDT" name="testDeleteUsers" time="0.469"/>
  <testcase classname="api.test.DDT" name="testDeleteUsers" time="0.732"/>
</testsuite> <!-- Default test -->
