<?xml version="1.0" encoding="UTF-8"?>
<testng-results ignored="0" total="4" passed="4" failed="0" skipped="0">
  <reporter-output>
  </reporter-output>
  <suite started-at="2023-07-15T21:41:30 COT" name="Pet Suite" finished-at="2023-07-15T21:41:39 COT" duration-ms="8224">
    <groups>
    </groups>
    <test started-at="2023-07-15T21:41:30 COT" name="Pet Test" finished-at="2023-07-15T21:41:39 COT" duration-ms="8224">
      <class name="api.test.testUser">
        <test-method is-config="true" signature="setupData()[pri:0, instance:api.test.testUser@28eaa59a]" started-at="2023-07-15T21:41:31 COT" name="setupData" finished-at="2023-07-15T21:41:31 COT" duration-ms="474" status="PASS">
          <reporter-output>
          </reporter-output>
        </test-method> <!-- setupData -->
        <test-method signature="testPostUser()[pri:1, instance:api.test.testUser@28eaa59a]" started-at="2023-07-15T21:41:31 COT" name="testPostUser" finished-at="2023-07-15T21:41:36 COT" duration-ms="4289" status="PASS">
          <reporter-output>
          </reporter-output>
        </test-method> <!-- testPostUser -->
        <test-method signature="testGetUser()[pri:2, instance:api.test.testUser@28eaa59a]" started-at="2023-07-15T21:41:36 COT" name="testGetUser" finished-at="2023-07-15T21:41:36 COT" duration-ms="586" status="PASS">
          <reporter-output>
          </reporter-output>
        </test-method> <!-- testGetUser -->
        <test-method signature="testUpdateUser()[pri:3, instance:api.test.testUser@28eaa59a]" started-at="2023-07-15T21:41:36 COT" name="testUpdateUser" finished-at="2023-07-15T21:41:38 COT" duration-ms="1745" status="PASS">
          <reporter-output>
          </reporter-output>
        </test-method> <!-- testUpdateUser -->
        <test-method signature="testDeleteUser()[pri:4, instance:api.test.testUser@28eaa59a]" started-at="2023-07-15T21:41:38 COT" name="testDeleteUser" finished-at="2023-07-15T21:41:39 COT" duration-ms="602" status="PASS">
          <reporter-output>
          </reporter-output>
        </test-method> <!-- testDeleteUser -->
      </class> <!-- api.test.testUser -->
    </test> <!-- Pet Test -->
  </suite> <!-- Pet Suite -->
</testng-results>
