<?xml version="1.0" encoding="UTF-8"?>
<testng-results ignored="0" total="4" passed="4" failed="0" skipped="0">
  <reporter-output>
  </reporter-output>
  <suite started-at="2023-07-15T05:36:01 COT" name="Pet Suite" finished-at="2023-07-15T05:36:07 COT" duration-ms="6666">
    <groups>
    </groups>
    <test started-at="2023-07-15T05:36:01 COT" name="Pet Test" finished-at="2023-07-15T05:36:07 COT" duration-ms="6666">
      <class name="api.test.testUser">
        <test-method is-config="true" signature="setupData()[pri:0, instance:api.test.testUser@23c30a20]" started-at="2023-07-15T05:36:02 COT" name="setupData" finished-at="2023-07-15T05:36:02 COT" duration-ms="311" status="PASS">
          <reporter-output>
          </reporter-output>
        </test-method> <!-- setupData -->
        <test-method signature="testPostUser()[pri:1, instance:api.test.testUser@23c30a20]" started-at="2023-07-15T05:36:02 COT" name="testPostUser" finished-at="2023-07-15T05:36:05 COT" duration-ms="3541" status="PASS">
          <reporter-output>
          </reporter-output>
        </test-method> <!-- testPostUser -->
        <test-method signature="testGetUser()[pri:2, instance:api.test.testUser@23c30a20]" started-at="2023-07-15T05:36:05 COT" name="testGetUser" finished-at="2023-07-15T05:36:06 COT" duration-ms="525" status="PASS">
          <reporter-output>
          </reporter-output>
        </test-method> <!-- testGetUser -->
        <test-method signature="testUpdateUser()[pri:3, instance:api.test.testUser@23c30a20]" started-at="2023-07-15T05:36:06 COT" name="testUpdateUser" finished-at="2023-07-15T05:36:07 COT" duration-ms="920" status="PASS">
          <reporter-output>
          </reporter-output>
        </test-method> <!-- testUpdateUser -->
        <test-method signature="testDeleteUser()[pri:4, instance:api.test.testUser@23c30a20]" started-at="2023-07-15T05:36:07 COT" name="testDeleteUser" finished-at="2023-07-15T05:36:07 COT" duration-ms="447" status="PASS">
          <reporter-output>
          </reporter-output>
        </test-method> <!-- testDeleteUser -->
      </class> <!-- api.test.testUser -->
    </test> <!-- Pet Test -->
  </suite> <!-- Pet Suite -->
</testng-results>
