<?xml version="1.0" encoding="UTF-8"?>
<!-- Generated by org.testng.reporters.JUnitXMLReporter -->
<testsuite ignored="0" hostname="lenovo-Lenovo-IdeaPad-Z400" failures="0" tests="4" name="Pet Test" time="8.224" errors="0" timestamp="2023-07-15T21:41:39 COT">
  <testcase classname="api.test.testUser" name="testPostUser" time="4.289"/>
  <testcase classname="api.test.testUser" name="testGetUser" time="0.586"/>
  <testcase classname="api.test.testUser" name="testUpdateUser" time="1.745"/>
  <testcase classname="api.test.testUser" name="testDeleteUser" time="0.602"/>
</testsuite> <!-- Pet Test -->
