<?xml version="1.0" encoding="UTF-8"?>
<!-- Generated by org.testng.reporters.JUnitXMLReporter -->
<testsuite ignored="0" hostname="lenovo-Lenovo-IdeaPad-Z400" failures="0" tests="4" name="Pet Test" time="6.666" errors="0" timestamp="2023-07-15T05:36:08 COT">
  <testcase classname="api.test.testUser" name="testPostUser" time="3.541"/>
  <testcase classname="api.test.testUser" name="testGetUser" time="0.525"/>
  <testcase classname="api.test.testUser" name="testUpdateUser" time="0.92"/>
  <testcase classname="api.test.testUser" name="testDeleteUser" time="0.447"/>
</testsuite> <!-- Pet Test -->
